I, [2024-11-18T22:41:28.909405 #33832]  INFO -- : Processed file: example_file
E, [2024-11-18T22:41:28.910435 #33832] ERROR -- : Error: Example error
I, [2024-11-18T22:41:28.918246 #33832]  INFO -- : Processed file: example_file
E, [2024-11-18T22:41:28.918512 #33832] ERROR -- : Error: Example error
I, [2024-11-18T22:56:51.492444 #2888]  INFO -- : Processed file: example_file
E, [2024-11-18T22:56:51.492892 #2888] ERROR -- : Error: Example error
I, [2024-11-18T22:56:51.493167 #2888]  INFO -- : Processed file: Item initialized: RbParser::Item - title: Unknown Title, price: 150, subtitle: No subtitle available, image_url: default.jpg
I, [2024-11-18T22:59:04.096924 #17452]  INFO -- : Processed file: example_file
E, [2024-11-18T22:59:04.102250 #17452] ERROR -- : Error: Example error
I, [2024-11-18T22:59:04.102465 #17452]  INFO -- : Processed file: Item initialized: RbParser::Item - title: Товар 1, price: 150, subtitle: No subtitle available, image_url: default.jpg
I, [2024-11-18T23:07:47.474589 #29616]  INFO -- : Processed file: example_file
E, [2024-11-18T23:07:47.474875 #29616] ERROR -- : Error: Example error
I, [2024-11-18T23:07:47.475032 #29616]  INFO -- : Processed file: Item initialized: RbParser::Item - title: Товар 1, price: 150, subtitle: No subtitle available, image_url: default.jpg
I, [2024-11-18T23:07:52.081025 #29616]  INFO -- : Processed file: Item initialized: RbParser::Item - title: Gorgeous Silk Bench, price: 742.31, subtitle: Repudiandae tempora est dolore quia., image_url: sed.jpg
I, [2024-11-18T23:07:52.084903 #29616]  INFO -- : Processed file: example_file
E, [2024-11-18T23:07:52.085099 #29616] ERROR -- : Error: Example error
I, [2024-11-18T23:07:52.085254 #29616]  INFO -- : Processed file: Item initialized: RbParser::Item - title: Товар 1, price: 150, subtitle: No subtitle available, image_url: default.jpg
I, [2024-11-18T23:07:52.088600 #29616]  INFO -- : Processed file: Item initialized: RbParser::Item - title: Practical Concrete Pants, price: 305.4, subtitle: Quia quia voluptates ut optio., image_url: consequuntur.jpg
I, [2024-11-18T23:14:50.331245 #35280]  INFO -- : Processed file: example_file
E, [2024-11-18T23:14:50.331684 #35280] ERROR -- : Error: Example error
I, [2024-11-18T23:14:50.331886 #35280]  INFO -- : Processed file: Item initialized: RbParser::Item - title: Товар 1, price: 150, subtitle: No subtitle available, image_url: default.jpg
I, [2024-11-18T23:14:51.662526 #35280]  INFO -- : Processed file: Item initialized: RbParser::Item - title: Awesome Rubber Clock, price: 533.99, subtitle: Consequuntur blanditiis alias soluta repellendus., image_url: est.jpg
I, [2024-11-18T23:14:51.666509 #35280]  INFO -- : Processed file: example_file
E, [2024-11-18T23:14:51.666721 #35280] ERROR -- : Error: Example error
I, [2024-11-18T23:14:51.666948 #35280]  INFO -- : Processed file: Item initialized: RbParser::Item - title: Товар 1, price: 150, subtitle: No subtitle available, image_url: default.jpg
I, [2024-11-18T23:14:51.669059 #35280]  INFO -- : Processed file: Item initialized: RbParser::Item - title: Practical Granite Clock, price: 322.61, subtitle: Illum id ea sunt numquam., image_url: quaerat.jpg
I, [2024-11-18T23:15:53.498309 #9336]  INFO -- : Processed file: example_file
E, [2024-11-18T23:15:53.498703 #9336] ERROR -- : Error: Example error
I, [2024-11-18T23:15:53.499020 #9336]  INFO -- : Processed file: Item initialized: RbParser::Item - title: Товар 1, price: 150, subtitle: No subtitle available, image_url: default.jpg
I, [2024-11-18T23:15:54.738686 #9336]  INFO -- : Processed file: Item initialized: RbParser::Item - title: Enormous Aluminum Bottle, price: 61.53, subtitle: Alias illo omnis temporibus et., image_url: iure.jpg
I, [2024-11-18T23:16:18.933844 #27000]  INFO -- : Processed file: example_file
E, [2024-11-18T23:16:18.934105 #27000] ERROR -- : Error: Example error
I, [2024-11-18T23:16:18.934241 #27000]  INFO -- : Processed file: Item initialized: RbParser::Item - title: Товар 1, price: 150, subtitle: No subtitle available, image_url: default.jpg
I, [2024-11-18T23:16:20.250028 #27000]  INFO -- : Processed file: Item initialized: RbParser::Item - title: Practical Cotton Clock, price: 530.3, subtitle: Non id iure fuga consequatur., image_url: earum.jpg
I, [2024-11-18T23:16:55.155369 #17676]  INFO -- : Processed file: example_file
E, [2024-11-18T23:16:55.155765 #17676] ERROR -- : Error: Example error
I, [2024-11-18T23:16:55.156003 #17676]  INFO -- : Processed file: Item initialized: RbParser::Item - title: Товар 1, price: 150, subtitle: No subtitle available, image_url: default.jpg
I, [2024-11-18T23:16:56.500612 #17676]  INFO -- : Processed file: Item initialized: RbParser::Item - title: Gorgeous Silk Pants, price: 560.55, subtitle: Beatae amet asperiores rerum minus., image_url: a.jpg
I, [2024-11-18T23:16:56.501317 #17676]  INFO -- : Cart initialized with an empty items array
I, [2024-11-18T23:16:56.501734 #17676]  INFO -- : Processed file: Item initialized: RbParser::Item - title: Aerodynamic Granite Chair, price: 965.87, subtitle: Architecto enim et sit ut., image_url: et.jpg
I, [2024-11-18T23:16:56.501932 #17676]  INFO -- : Item added to cart: RbParser::Item - title: Aerodynamic Granite Chair, price: 965.87, subtitle: Architecto enim et sit ut., image_url: et.jpg
I, [2024-11-18T23:16:56.502282 #17676]  INFO -- : Processed file: Item initialized: RbParser::Item - title: Aerodynamic Wooden Bottle, price: 481.05, subtitle: Tempora et quos repellat aut., image_url: accusamus.jpg
I, [2024-11-18T23:16:56.502656 #17676]  INFO -- : Item added to cart: RbParser::Item - title: Aerodynamic Wooden Bottle, price: 481.05, subtitle: Tempora et quos repellat aut., image_url: accusamus.jpg
I, [2024-11-18T23:16:56.502960 #17676]  INFO -- : Processed file: Item initialized: RbParser::Item - title: Heavy Duty Silk Computer, price: 403.67, subtitle: Incidunt dignissimos reprehenderit culpa aut., image_url: ea.jpg
I, [2024-11-18T23:16:56.503052 #17676]  INFO -- : Item added to cart: RbParser::Item - title: Heavy Duty Silk Computer, price: 403.67, subtitle: Incidunt dignissimos reprehenderit culpa aut., image_url: ea.jpg
I, [2024-11-18T23:16:56.503443 #17676]  INFO -- : Processed file: Item initialized: RbParser::Item - title: Incredible Granite Bottle, price: 413.45, subtitle: Ea corrupti omnis molestiae qui., image_url: enim.jpg
I, [2024-11-18T23:16:56.503595 #17676]  INFO -- : Item added to cart: RbParser::Item - title: Incredible Granite Bottle, price: 413.45, subtitle: Ea corrupti omnis molestiae qui., image_url: enim.jpg
I, [2024-11-18T23:16:56.503951 #17676]  INFO -- : Processed file: Item initialized: RbParser::Item - title: Incredible Linen Knife, price: 494.45, subtitle: Reiciendis sed magnam aut odit., image_url: eaque.jpg
I, [2024-11-18T23:16:56.504156 #17676]  INFO -- : Item added to cart: RbParser::Item - title: Incredible Linen Knife, price: 494.45, subtitle: Reiciendis sed magnam aut odit., image_url: eaque.jpg
I, [2024-11-18T23:16:56.504298 #17676]  INFO -- : 5 test items generated
I, [2024-11-18T23:16:56.504442 #17676]  INFO -- : Showing all items in the cart
I, [2024-11-18T23:16:56.507132 #17676]  INFO -- : Items saved to text file: items.txt
I, [2024-11-18T23:16:56.508217 #17676]  INFO -- : Items saved to JSON file: items.json
I, [2024-11-18T23:16:56.509917 #17676]  INFO -- : Items saved to CSV file: items.csv
I, [2024-11-18T23:16:56.519783 #17676]  INFO -- : Items saved to YAML files in directory: items_yaml
I, [2024-11-18T23:19:23.025413 #6032]  INFO -- : Processed file: example_file
E, [2024-11-18T23:19:23.025801 #6032] ERROR -- : Error: Example error
I, [2024-11-18T23:19:23.025958 #6032]  INFO -- : Processed file: Item initialized: RbParser::Item - title: Товар 1, price: 150, subtitle: No subtitle available, image_url: default.jpg
I, [2024-11-18T23:19:24.383845 #6032]  INFO -- : Processed file: Item initialized: RbParser::Item - title: Lightweight Linen Knife, price: 440.2, subtitle: Debitis asperiores sed rerum culpa., image_url: veritatis.jpg
I, [2024-11-18T23:19:24.384823 #6032]  INFO -- : Cart initialized with an empty items array
I, [2024-11-18T23:19:24.385354 #6032]  INFO -- : Processed file: Item initialized: RbParser::Item - title: Small Copper Wallet, price: 137.39, subtitle: A atque ex sit eos., image_url: saepe.jpg
I, [2024-11-18T23:19:24.385607 #6032]  INFO -- : Item added to cart: RbParser::Item - title: Small Copper Wallet, price: 137.39, subtitle: A atque ex sit eos., image_url: saepe.jpg
I, [2024-11-18T23:19:24.386139 #6032]  INFO -- : Processed file: Item initialized: RbParser::Item - title: Enormous Aluminum Shoes, price: 593.03, subtitle: Id ex nobis at dolor., image_url: porro.jpg
I, [2024-11-18T23:19:24.386394 #6032]  INFO -- : Item added to cart: RbParser::Item - title: Enormous Aluminum Shoes, price: 593.03, subtitle: Id ex nobis at dolor., image_url: porro.jpg
I, [2024-11-18T23:19:24.387108 #6032]  INFO -- : Processed file: Item initialized: RbParser::Item - title: Lightweight Iron Watch, price: 811.58, subtitle: Maxime perspiciatis sunt ut numquam., image_url: neque.jpg
I, [2024-11-18T23:19:24.387374 #6032]  INFO -- : Item added to cart: RbParser::Item - title: Lightweight Iron Watch, price: 811.58, subtitle: Maxime perspiciatis sunt ut numquam., image_url: neque.jpg
I, [2024-11-18T23:19:24.387812 #6032]  INFO -- : Processed file: Item initialized: RbParser::Item - title: Aerodynamic Aluminum Bottle, price: 758.46, subtitle: Et maiores natus pariatur facilis., image_url: alias.jpg
I, [2024-11-18T23:19:24.388070 #6032]  INFO -- : Item added to cart: RbParser::Item - title: Aerodynamic Aluminum Bottle, price: 758.46, subtitle: Et maiores natus pariatur facilis., image_url: alias.jpg
I, [2024-11-18T23:19:24.388459 #6032]  INFO -- : Processed file: Item initialized: RbParser::Item - title: Awesome Linen Bag, price: 782.9, subtitle: Nisi reiciendis laudantium et voluptatibus., image_url: rerum.jpg
I, [2024-11-18T23:19:24.388713 #6032]  INFO -- : Item added to cart: RbParser::Item - title: Awesome Linen Bag, price: 782.9, subtitle: Nisi reiciendis laudantium et voluptatibus., image_url: rerum.jpg
I, [2024-11-18T23:19:24.388944 #6032]  INFO -- : 5 test items generated
I, [2024-11-18T23:19:24.389151 #6032]  INFO -- : Showing all items in the cart
I, [2024-11-18T23:19:24.392033 #6032]  INFO -- : Items saved to text file: items.txt
I, [2024-11-18T23:19:24.393086 #6032]  INFO -- : Items saved to JSON file: items.json
I, [2024-11-18T23:19:24.395336 #6032]  INFO -- : Items saved to CSV file: items.csv
I, [2024-11-18T23:19:24.403603 #6032]  INFO -- : Items saved to YAML files in directory: items_yaml
I, [2024-11-18T23:19:24.421480 #6032]  INFO -- : Processed file: example_file
E, [2024-11-18T23:19:24.421887 #6032] ERROR -- : Error: Example error
I, [2024-11-18T23:19:24.422057 #6032]  INFO -- : Processed file: Item initialized: RbParser::Item - title: Товар 1, price: 150, subtitle: No subtitle available, image_url: default.jpg
I, [2024-11-18T23:19:24.424959 #6032]  INFO -- : Processed file: Item initialized: RbParser::Item - title: Heavy Duty Granite Knife, price: 617.64, subtitle: Ut saepe sed beatae ut., image_url: nemo.jpg
I, [2024-11-18T23:19:24.425616 #6032]  INFO -- : Cart initialized with an empty items array
I, [2024-11-18T23:19:24.426374 #6032]  INFO -- : Processed file: Item initialized: RbParser::Item - title: Rustic Cotton Hat, price: 523.09, subtitle: Quam consequatur sapiente est alias., image_url: quam.jpg
I, [2024-11-18T23:19:24.426594 #6032]  INFO -- : Item added to cart: RbParser::Item - title: Rustic Cotton Hat, price: 523.09, subtitle: Quam consequatur sapiente est alias., image_url: quam.jpg
I, [2024-11-18T23:19:24.427264 #6032]  INFO -- : Processed file: Item initialized: RbParser::Item - title: Durable Wool Computer, price: 47.55, subtitle: Mollitia sunt quae cupiditate sed., image_url: eaque.jpg
I, [2024-11-18T23:19:24.427481 #6032]  INFO -- : Item added to cart: RbParser::Item - title: Durable Wool Computer, price: 47.55, subtitle: Mollitia sunt quae cupiditate sed., image_url: eaque.jpg
I, [2024-11-18T23:19:24.428084 #6032]  INFO -- : Processed file: Item initialized: RbParser::Item - title: Practical Wool Gloves, price: 198.11, subtitle: Non optio quod facere magni., image_url: sed.jpg
I, [2024-11-18T23:19:24.428315 #6032]  INFO -- : Item added to cart: RbParser::Item - title: Practical Wool Gloves, price: 198.11, subtitle: Non optio quod facere magni., image_url: sed.jpg
I, [2024-11-18T23:19:24.428816 #6032]  INFO -- : Processed file: Item initialized: RbParser::Item - title: Practical Linen Chair, price: 896.34, subtitle: Quasi corporis ex eum est., image_url: et.jpg
I, [2024-11-18T23:19:24.429032 #6032]  INFO -- : Item added to cart: RbParser::Item - title: Practical Linen Chair, price: 896.34, subtitle: Quasi corporis ex eum est., image_url: et.jpg
I, [2024-11-18T23:19:24.429431 #6032]  INFO -- : Processed file: Item initialized: RbParser::Item - title: Lightweight Rubber Chair, price: 302.68, subtitle: Qui est sit atque quo., image_url: numquam.jpg
I, [2024-11-18T23:19:24.429645 #6032]  INFO -- : Item added to cart: RbParser::Item - title: Lightweight Rubber Chair, price: 302.68, subtitle: Qui est sit atque quo., image_url: numquam.jpg
I, [2024-11-18T23:19:24.429788 #6032]  INFO -- : 5 test items generated
I, [2024-11-18T23:19:24.429932 #6032]  INFO -- : Showing all items in the cart
I, [2024-11-18T23:19:24.433198 #6032]  INFO -- : Items saved to text file: items.txt
I, [2024-11-18T23:19:24.434687 #6032]  INFO -- : Items saved to JSON file: items.json
I, [2024-11-18T23:19:24.436198 #6032]  INFO -- : Items saved to CSV file: items.csv
I, [2024-11-18T23:19:24.444919 #6032]  INFO -- : Items saved to YAML files in directory: items_yaml
I, [2024-11-18T23:21:36.101262 #17848]  INFO -- : Processed file: example_file
E, [2024-11-18T23:21:36.101548 #17848] ERROR -- : Error: Example error
I, [2024-11-18T23:21:36.101714 #17848]  INFO -- : Processed file: Item initialized: RbParser::Item - title: Товар 1, price: 150, subtitle: No subtitle available, image_url: default.jpg
I, [2024-11-18T23:21:37.624496 #17848]  INFO -- : Processed file: Item initialized: RbParser::Item - title: Fantastic Wooden Pants, price: 246.94, subtitle: Quo commodi iste aperiam officia., image_url: ullam.jpg
I, [2024-11-18T23:21:37.625689 #17848]  INFO -- : Cart initialized with an empty items array
I, [2024-11-18T23:21:37.626446 #17848]  INFO -- : Processed file: Item initialized: RbParser::Item - title: Durable Silk Table, price: 113.55, subtitle: Blanditiis adipisci sunt temporibus libero., image_url: possimus.jpg
I, [2024-11-18T23:21:37.626650 #17848]  INFO -- : Item added to cart: RbParser::Item - title: Durable Silk Table, price: 113.55, subtitle: Blanditiis adipisci sunt temporibus libero., image_url: possimus.jpg
I, [2024-11-18T23:21:37.627506 #17848]  INFO -- : Processed file: Item initialized: RbParser::Item - title: Enormous Marble Bottle, price: 481.46, subtitle: Officia qui quis amet corrupti., image_url: illo.jpg
I, [2024-11-18T23:21:37.627695 #17848]  INFO -- : Item added to cart: RbParser::Item - title: Enormous Marble Bottle, price: 481.46, subtitle: Officia qui quis amet corrupti., image_url: illo.jpg
I, [2024-11-18T23:21:37.628364 #17848]  INFO -- : Processed file: Item initialized: RbParser::Item - title: Aerodynamic Silk Table, price: 930.25, subtitle: Quaerat quis nam officiis sequi., image_url: magnam.jpg
I, [2024-11-18T23:21:37.628511 #17848]  INFO -- : Item added to cart: RbParser::Item - title: Aerodynamic Silk Table, price: 930.25, subtitle: Quaerat quis nam officiis sequi., image_url: magnam.jpg
I, [2024-11-18T23:21:37.628958 #17848]  INFO -- : Processed file: Item initialized: RbParser::Item - title: Synergistic Marble Bottle, price: 768.5, subtitle: Sit voluptatum consequatur beatae eveniet., image_url: velit.jpg
I, [2024-11-18T23:21:37.629120 #17848]  INFO -- : Item added to cart: RbParser::Item - title: Synergistic Marble Bottle, price: 768.5, subtitle: Sit voluptatum consequatur beatae eveniet., image_url: velit.jpg
I, [2024-11-18T23:21:37.629551 #17848]  INFO -- : Processed file: Item initialized: RbParser::Item - title: Intelligent Copper Bag, price: 553.78, subtitle: Ut corporis non ipsum consectetur., image_url: nisi.jpg
I, [2024-11-18T23:21:37.629747 #17848]  INFO -- : Item added to cart: RbParser::Item - title: Intelligent Copper Bag, price: 553.78, subtitle: Ut corporis non ipsum consectetur., image_url: nisi.jpg
I, [2024-11-18T23:21:37.629887 #17848]  INFO -- : 5 test items generated
I, [2024-11-18T23:21:37.630014 #17848]  INFO -- : Showing all items in the cart
I, [2024-11-18T23:21:37.633480 #17848]  INFO -- : Items saved to text file: output/items.txt
I, [2024-11-18T23:21:37.635102 #17848]  INFO -- : Items saved to JSON file: output/items.json
I, [2024-11-18T23:21:37.637067 #17848]  INFO -- : Items saved to CSV file: output/items.csv
I, [2024-11-18T23:23:06.629297 #5012]  INFO -- : Processed file: example_file
E, [2024-11-18T23:23:06.629669 #5012] ERROR -- : Error: Example error
I, [2024-11-18T23:23:06.629946 #5012]  INFO -- : Processed file: Item initialized: RbParser::Item - title: Товар 1, price: 150, subtitle: No subtitle available, image_url: default.jpg
I, [2024-11-18T23:23:07.896321 #5012]  INFO -- : Processed file: Item initialized: RbParser::Item - title: Synergistic Steel Plate, price: 345.42, subtitle: Labore enim consectetur architecto qui., image_url: est.jpg
I, [2024-11-18T23:23:07.897096 #5012]  INFO -- : Cart initialized with an empty items array
I, [2024-11-18T23:23:07.897577 #5012]  INFO -- : Processed file: Item initialized: RbParser::Item - title: Awesome Rubber Car, price: 938.63, subtitle: Et dolor consequatur nihil sit., image_url: perspiciatis.jpg
I, [2024-11-18T23:23:07.897864 #5012]  INFO -- : Item added to cart: RbParser::Item - title: Awesome Rubber Car, price: 938.63, subtitle: Et dolor consequatur nihil sit., image_url: perspiciatis.jpg
I, [2024-11-18T23:23:07.898306 #5012]  INFO -- : Processed file: Item initialized: RbParser::Item - title: Synergistic Wool Shirt, price: 959.07, subtitle: Sed et cumque ut minima., image_url: cum.jpg
I, [2024-11-18T23:23:07.898861 #5012]  INFO -- : Item added to cart: RbParser::Item - title: Synergistic Wool Shirt, price: 959.07, subtitle: Sed et cumque ut minima., image_url: cum.jpg
I, [2024-11-18T23:23:07.899357 #5012]  INFO -- : Processed file: Item initialized: RbParser::Item - title: Durable Rubber Bottle, price: 947.63, subtitle: Consectetur eos aut et explicabo., image_url: sed.jpg
I, [2024-11-18T23:23:07.899639 #5012]  INFO -- : Item added to cart: RbParser::Item - title: Durable Rubber Bottle, price: 947.63, subtitle: Consectetur eos aut et explicabo., image_url: sed.jpg
I, [2024-11-18T23:23:07.900168 #5012]  INFO -- : Processed file: Item initialized: RbParser::Item - title: Small Concrete Bench, price: 834.65, subtitle: Nihil omnis dolor placeat aut., image_url: et.jpg
I, [2024-11-18T23:23:07.900440 #5012]  INFO -- : Item added to cart: RbParser::Item - title: Small Concrete Bench, price: 834.65, subtitle: Nihil omnis dolor placeat aut., image_url: et.jpg
I, [2024-11-18T23:23:07.900862 #5012]  INFO -- : Processed file: Item initialized: RbParser::Item - title: Awesome Paper Coat, price: 370.98, subtitle: Et qui ratione id non., image_url: mollitia.jpg
I, [2024-11-18T23:23:07.901078 #5012]  INFO -- : Item added to cart: RbParser::Item - title: Awesome Paper Coat, price: 370.98, subtitle: Et qui ratione id non., image_url: mollitia.jpg
I, [2024-11-18T23:23:07.901247 #5012]  INFO -- : 5 test items generated
I, [2024-11-18T23:23:07.901432 #5012]  INFO -- : Showing all items in the cart
I, [2024-11-18T23:23:07.904420 #5012]  INFO -- : Items saved to text file: output/items.txt
I, [2024-11-18T23:23:07.905834 #5012]  INFO -- : Items saved to JSON file: output/items.json
I, [2024-11-18T23:23:07.907564 #5012]  INFO -- : Items saved to CSV file: output/items.csv
I, [2024-11-18T23:23:07.912896 #5012]  INFO -- : Items saved to YAML files in directory: output/items_yaml
I, [2024-11-18T23:23:07.937615 #5012]  INFO -- : Processed file: example_file
E, [2024-11-18T23:23:07.937911 #5012] ERROR -- : Error: Example error
I, [2024-11-18T23:23:07.938211 #5012]  INFO -- : Processed file: Item initialized: RbParser::Item - title: Товар 1, price: 150, subtitle: No subtitle available, image_url: default.jpg
I, [2024-11-18T23:23:07.940686 #5012]  INFO -- : Processed file: Item initialized: RbParser::Item - title: Small Leather Knife, price: 476.02, subtitle: Voluptatum facilis veritatis est molestias., image_url: magnam.jpg
I, [2024-11-18T23:23:07.941294 #5012]  INFO -- : Cart initialized with an empty items array
I, [2024-11-18T23:23:07.941923 #5012]  INFO -- : Processed file: Item initialized: RbParser::Item - title: Rustic Concrete Wallet, price: 274.64, subtitle: Quo et omnis voluptate ipsa., image_url: deleniti.jpg
I, [2024-11-18T23:23:07.942051 #5012]  INFO -- : Item added to cart: RbParser::Item - title: Rustic Concrete Wallet, price: 274.64, subtitle: Quo et omnis voluptate ipsa., image_url: deleniti.jpg
I, [2024-11-18T23:23:07.942406 #5012]  INFO -- : Processed file: Item initialized: RbParser::Item - title: Synergistic Aluminum Keyboard, price: 730.74, subtitle: Odit et aut et repellat., image_url: saepe.jpg
I, [2024-11-18T23:23:07.942599 #5012]  INFO -- : Item added to cart: RbParser::Item - title: Synergistic Aluminum Keyboard, price: 730.74, subtitle: Odit et aut et repellat., image_url: saepe.jpg
I, [2024-11-18T23:23:07.943003 #5012]  INFO -- : Processed file: Item initialized: RbParser::Item - title: Enormous Silk Chair, price: 979.41, subtitle: Voluptatem hic consequatur in molestiae., image_url: illum.jpg
I, [2024-11-18T23:23:07.943121 #5012]  INFO -- : Item added to cart: RbParser::Item - title: Enormous Silk Chair, price: 979.41, subtitle: Voluptatem hic consequatur in molestiae., image_url: illum.jpg
I, [2024-11-18T23:23:07.943591 #5012]  INFO -- : Processed file: Item initialized: RbParser::Item - title: Durable Linen Computer, price: 627.01, subtitle: Illo laborum velit praesentium omnis., image_url: ea.jpg
I, [2024-11-18T23:23:07.943716 #5012]  INFO -- : Item added to cart: RbParser::Item - title: Durable Linen Computer, price: 627.01, subtitle: Illo laborum velit praesentium omnis., image_url: ea.jpg
I, [2024-11-18T23:23:07.944138 #5012]  INFO -- : Processed file: Item initialized: RbParser::Item - title: Small Copper Bottle, price: 153.4, subtitle: Qui dolores voluptas sed quod., image_url: iure.jpg
I, [2024-11-18T23:23:07.944254 #5012]  INFO -- : Item added to cart: RbParser::Item - title: Small Copper Bottle, price: 153.4, subtitle: Qui dolores voluptas sed quod., image_url: iure.jpg
I, [2024-11-18T23:23:07.944347 #5012]  INFO -- : 5 test items generated
I, [2024-11-18T23:23:07.944440 #5012]  INFO -- : Showing all items in the cart
I, [2024-11-18T23:23:07.947718 #5012]  INFO -- : Items saved to text file: output/items.txt
I, [2024-11-18T23:23:07.949190 #5012]  INFO -- : Items saved to JSON file: output/items.json
I, [2024-11-18T23:23:07.951014 #5012]  INFO -- : Items saved to CSV file: output/items.csv
I, [2024-11-18T23:23:07.955915 #5012]  INFO -- : Items saved to YAML files in directory: output/items_yaml
I, [2024-11-18T23:28:17.409947 #12968]  INFO -- : Processed file: example_file
I, [2024-11-18T23:28:17.410412 #12968]  INFO -- : Processed file: Item initialized: RbParser::Item - title: Товар 1, price: 150, subtitle: No subtitle available, image_url: default.jpg
I, [2024-11-18T23:28:18.793332 #12968]  INFO -- : Processed file: Item initialized: RbParser::Item - title: Gorgeous Plastic Shoes, price: 151.01, subtitle: Quia tempora debitis nesciunt totam., image_url: ipsam.jpg
I, [2024-11-18T23:28:18.794507 #12968]  INFO -- : Cart initialized with an empty items array
I, [2024-11-18T23:28:18.794984 #12968]  INFO -- : Processed file: Item initialized: RbParser::Item - title: Small Paper Wallet, price: 150.52, subtitle: Voluptatibus qui dolores et aut., image_url: atque.jpg
I, [2024-11-18T23:28:18.795263 #12968]  INFO -- : Item added to cart: RbParser::Item - title: Small Paper Wallet, price: 150.52, subtitle: Voluptatibus qui dolores et aut., image_url: atque.jpg
I, [2024-11-18T23:28:18.795760 #12968]  INFO -- : Processed file: Item initialized: RbParser::Item - title: Heavy Duty Copper Bench, price: 647.51, subtitle: Accusantium dolores distinctio non similique., image_url: sed.jpg
I, [2024-11-18T23:28:18.796071 #12968]  INFO -- : Item added to cart: RbParser::Item - title: Heavy Duty Copper Bench, price: 647.51, subtitle: Accusantium dolores distinctio non similique., image_url: sed.jpg
I, [2024-11-18T23:28:18.796521 #12968]  INFO -- : Processed file: Item initialized: RbParser::Item - title: Awesome Leather Bag, price: 963.58, subtitle: Cum sunt doloribus saepe aut., image_url: qui.jpg
I, [2024-11-18T23:28:18.796668 #12968]  INFO -- : Item added to cart: RbParser::Item - title: Awesome Leather Bag, price: 963.58, subtitle: Cum sunt doloribus saepe aut., image_url: qui.jpg
I, [2024-11-18T23:28:18.797088 #12968]  INFO -- : Processed file: Item initialized: RbParser::Item - title: Rustic Leather Wallet, price: 79.12, subtitle: Laudantium unde asperiores eos aut., image_url: recusandae.jpg
I, [2024-11-18T23:28:18.797298 #12968]  INFO -- : Item added to cart: RbParser::Item - title: Rustic Leather Wallet, price: 79.12, subtitle: Laudantium unde asperiores eos aut., image_url: recusandae.jpg
I, [2024-11-18T23:28:18.797611 #12968]  INFO -- : Processed file: Item initialized: RbParser::Item - title: Practical Copper Bag, price: 99.76, subtitle: Sit et sequi sed dolorem., image_url: doloremque.jpg
I, [2024-11-18T23:28:18.797714 #12968]  INFO -- : Item added to cart: RbParser::Item - title: Practical Copper Bag, price: 99.76, subtitle: Sit et sequi sed dolorem., image_url: doloremque.jpg
I, [2024-11-18T23:28:18.797808 #12968]  INFO -- : 5 test items generated
I, [2024-11-18T23:28:18.797910 #12968]  INFO -- : Showing all items in the cart
I, [2024-11-18T23:28:18.800897 #12968]  INFO -- : Items saved to text file: output/items.txt
I, [2024-11-18T23:28:18.802038 #12968]  INFO -- : Items saved to JSON file: output/items.json
I, [2024-11-18T23:28:18.803286 #12968]  INFO -- : Items saved to CSV file: output/items.csv
I, [2024-11-18T23:28:18.807849 #12968]  INFO -- : Items saved to YAML files in directory: output/items_yaml
I, [2024-11-18T23:28:18.827434 #12968]  INFO -- : Processed file: example_file
I, [2024-11-18T23:28:18.827691 #12968]  INFO -- : Processed file: Item initialized: RbParser::Item - title: Товар 1, price: 150, subtitle: No subtitle available, image_url: default.jpg
I, [2024-11-18T23:28:18.830157 #12968]  INFO -- : Processed file: Item initialized: RbParser::Item - title: Durable Rubber Table, price: 764.96, subtitle: Eum vel ut ducimus beatae., image_url: id.jpg
I, [2024-11-18T23:28:18.831302 #12968]  INFO -- : Cart initialized with an empty items array
I, [2024-11-18T23:28:18.832474 #12968]  INFO -- : Processed file: Item initialized: RbParser::Item - title: Lightweight Linen Chair, price: 626.28, subtitle: Consequatur nihil alias suscipit libero., image_url: et.jpg
I, [2024-11-18T23:28:18.832853 #12968]  INFO -- : Item added to cart: RbParser::Item - title: Lightweight Linen Chair, price: 626.28, subtitle: Consequatur nihil alias suscipit libero., image_url: et.jpg
I, [2024-11-18T23:28:18.833743 #12968]  INFO -- : Processed file: Item initialized: RbParser::Item - title: Synergistic Paper Bench, price: 437.54, subtitle: Dolorem consequatur assumenda cum ut., image_url: ut.jpg
I, [2024-11-18T23:28:18.834078 #12968]  INFO -- : Item added to cart: RbParser::Item - title: Synergistic Paper Bench, price: 437.54, subtitle: Dolorem consequatur assumenda cum ut., image_url: ut.jpg
I, [2024-11-18T23:28:18.834917 #12968]  INFO -- : Processed file: Item initialized: RbParser::Item - title: Incredible Marble Coat, price: 222.66, subtitle: Non delectus ad omnis quam., image_url: autem.jpg
I, [2024-11-18T23:28:18.835259 #12968]  INFO -- : Item added to cart: RbParser::Item - title: Incredible Marble Coat, price: 222.66, subtitle: Non delectus ad omnis quam., image_url: autem.jpg
I, [2024-11-18T23:28:18.836576 #12968]  INFO -- : Processed file: Item initialized: RbParser::Item - title: Fantastic Marble Plate, price: 572.59, subtitle: Aut non fuga ut quam., image_url: quam.jpg
I, [2024-11-18T23:28:18.836897 #12968]  INFO -- : Item added to cart: RbParser::Item - title: Fantastic Marble Plate, price: 572.59, subtitle: Aut non fuga ut quam., image_url: quam.jpg
I, [2024-11-18T23:28:18.837717 #12968]  INFO -- : Processed file: Item initialized: RbParser::Item - title: Small Silk Knife, price: 72.64, subtitle: Et et exercitationem excepturi ipsum., image_url: ducimus.jpg
I, [2024-11-18T23:28:18.838015 #12968]  INFO -- : Item added to cart: RbParser::Item - title: Small Silk Knife, price: 72.64, subtitle: Et et exercitationem excepturi ipsum., image_url: ducimus.jpg
I, [2024-11-18T23:28:18.838318 #12968]  INFO -- : 5 test items generated
I, [2024-11-18T23:28:18.838534 #12968]  INFO -- : Showing all items in the cart
I, [2024-11-18T23:28:18.841940 #12968]  INFO -- : Items saved to text file: output/items.txt
I, [2024-11-18T23:28:18.842874 #12968]  INFO -- : Items saved to JSON file: output/items.json
I, [2024-11-18T23:28:18.844159 #12968]  INFO -- : Items saved to CSV file: output/items.csv
I, [2024-11-18T23:28:18.850047 #12968]  INFO -- : Items saved to YAML files in directory: output/items_yaml
I, [2024-11-18T23:44:22.082256 #28608]  INFO -- : Processed file: example_file
I, [2024-11-18T23:44:22.133847 #28608]  INFO -- : Processed file: Initialized SimpleWebsiteParser with config config/yaml/web_parser.yaml
I, [2024-11-18T23:48:07.593384 #11176]  INFO -- : Processed file: example_file
I, [2024-11-18T23:48:07.626537 #11176]  INFO -- : Processed file: Initialized SimpleWebsiteParser with config config/yaml/web_parser.yaml
I, [2024-11-18T23:52:23.582667 #11140]  INFO -- : Processed file: example_file
I, [2024-11-18T23:52:23.607791 #11140]  INFO -- : Processed file: Initialized SimpleWebsiteParser with config config/yaml/web_parser.yaml
I, [2024-11-18T23:53:38.374865 #28860]  INFO -- : Processed file: example_file
I, [2024-11-18T23:53:38.395213 #28860]  INFO -- : Processed file: Initialized SimpleWebsiteParser with config config/yaml/web_parser.yaml
I, [2024-11-18T23:54:32.079866 #15904]  INFO -- : Processed file: example_file
I, [2024-11-18T23:54:32.098568 #15904]  INFO -- : Processed file: Initialized SimpleWebsiteParser with config config/yaml/web_parser.yaml
I, [2024-11-18T23:58:50.654761 #28584]  INFO -- : Processed file: example_file
I, [2024-11-18T23:58:50.673133 #28584]  INFO -- : Processed file: Initialized SimpleWebsiteParser with config config/yaml/web_parser.yaml
I, [2024-11-18T23:59:37.518752 #26296]  INFO -- : Processed file: example_file
I, [2024-11-18T23:59:37.538754 #26296]  INFO -- : Processed file: Initialized SimpleWebsiteParser with config config/yaml/web_parser.yaml
I, [2024-11-19T00:00:26.115343 #20288]  INFO -- : Processed file: example_file
I, [2024-11-19T00:00:26.133231 #20288]  INFO -- : Processed file: Initialized SimpleWebsiteParser with config config/yaml/web_parser.yaml
I, [2024-11-19T00:01:20.893112 #10804]  INFO -- : Processed file: example_file
I, [2024-11-19T00:01:20.914038 #10804]  INFO -- : Processed file: Initialized SimpleWebsiteParser with config config/yaml/web_parser.yaml
I, [2024-11-19T00:02:01.399107 #27208]  INFO -- : Processed file: example_file
I, [2024-11-19T00:02:01.418560 #27208]  INFO -- : Processed file: Initialized SimpleWebsiteParser with config config/yaml/web_parser.yaml
I, [2024-11-19T00:02:59.532880 #10692]  INFO -- : Processed file: example_file
I, [2024-11-19T00:04:19.375956 #12360]  INFO -- : Processed file: example_file
I, [2024-11-19T00:04:19.394200 #12360]  INFO -- : Processed file: Initialized SimpleWebsiteParser with config config/yaml/web_parser.yaml
I, [2024-11-19T00:04:19.394920 #12360]  INFO -- : Processed file: Starting parsing process
E, [2024-11-19T00:04:19.395111 #12360] ERROR -- : Error: URL check failed for : absolute URL needed (not nil)
E, [2024-11-19T00:04:19.395351 #12360] ERROR -- : Error: Start URL is not accessible: 
I, [2024-11-19T00:04:19.400781 #12360]  INFO -- : Processed file: example_file
I, [2024-11-19T00:04:19.402736 #12360]  INFO -- : Processed file: Initialized SimpleWebsiteParser with config config/yaml/web_parser.yaml
I, [2024-11-19T00:04:19.403467 #12360]  INFO -- : Processed file: Starting parsing process
E, [2024-11-19T00:04:19.403638 #12360] ERROR -- : Error: URL check failed for : absolute URL needed (not nil)
E, [2024-11-19T00:04:19.403765 #12360] ERROR -- : Error: Start URL is not accessible: 
I, [2024-11-19T00:04:51.060341 #34356]  INFO -- : Processed file: example_file
I, [2024-11-19T00:05:00.087355 #1944]  INFO -- : Processed file: example_file
I, [2024-11-19T00:05:00.109677 #1944]  INFO -- : Processed file: Initialized SimpleWebsiteParser with config config/yaml/web_parser.yaml
I, [2024-11-19T00:05:00.167134 #1944]  INFO -- : Processed file: Starting parsing process
E, [2024-11-19T00:05:00.167473 #1944] ERROR -- : Error: URL check failed for : absolute URL needed (not nil)
E, [2024-11-19T00:05:00.168377 #1944] ERROR -- : Error: Start URL is not accessible: 
I, [2024-11-19T00:05:00.202850 #1944]  INFO -- : Processed file: example_file
I, [2024-11-19T00:05:00.206235 #1944]  INFO -- : Processed file: Initialized SimpleWebsiteParser with config config/yaml/web_parser.yaml
I, [2024-11-19T00:05:00.219098 #1944]  INFO -- : Processed file: Starting parsing process
E, [2024-11-19T00:05:00.219520 #1944] ERROR -- : Error: URL check failed for : absolute URL needed (not nil)
E, [2024-11-19T00:05:00.220651 #1944] ERROR -- : Error: Start URL is not accessible: 
I, [2024-11-19T00:08:12.203193 #6092]  INFO -- : Processed file: example_file
I, [2024-11-19T00:08:12.231585 #6092]  INFO -- : Processed file: Initialized SimpleWebsiteParser with config config/yaml/web_parser.yaml
I, [2024-11-19T00:08:12.271586 #6092]  INFO -- : Processed file: Starting parsing process
E, [2024-11-19T00:08:12.271983 #6092] ERROR -- : Error: URL check failed for : absolute URL needed (not nil)
E, [2024-11-19T00:08:12.273177 #6092] ERROR -- : Error: Start URL is not accessible: 
I, [2024-11-19T00:08:12.306227 #6092]  INFO -- : Processed file: example_file
I, [2024-11-19T00:08:12.309314 #6092]  INFO -- : Processed file: Initialized SimpleWebsiteParser with config config/yaml/web_parser.yaml
I, [2024-11-19T00:08:12.334186 #6092]  INFO -- : Processed file: Starting parsing process
E, [2024-11-19T00:08:12.334521 #6092] ERROR -- : Error: URL check failed for : absolute URL needed (not nil)
E, [2024-11-19T00:08:12.335508 #6092] ERROR -- : Error: Start URL is not accessible: 
I, [2024-11-19T00:09:58.706249 #33804]  INFO -- : Processed file: example_file
I, [2024-11-19T00:09:58.732223 #33804]  INFO -- : Processed file: Initialized SimpleWebsiteParser with config config/yaml/web_parser.yaml
I, [2024-11-19T00:09:58.776814 #33804]  INFO -- : Processed file: Starting parsing process
E, [2024-11-19T00:09:58.777166 #33804] ERROR -- : Error: URL check failed for : absolute URL needed (not nil)
E, [2024-11-19T00:09:58.778067 #33804] ERROR -- : Error: Start URL is not accessible: 
I, [2024-11-19T00:09:58.809377 #33804]  INFO -- : Processed file: example_file
I, [2024-11-19T00:09:58.812658 #33804]  INFO -- : Processed file: Initialized SimpleWebsiteParser with config config/yaml/web_parser.yaml
I, [2024-11-19T00:09:58.836050 #33804]  INFO -- : Processed file: Starting parsing process
E, [2024-11-19T00:09:58.836378 #33804] ERROR -- : Error: URL check failed for : absolute URL needed (not nil)
E, [2024-11-19T00:09:58.836582 #33804] ERROR -- : Error: Start URL is not accessible: 
I, [2024-11-19T00:10:23.189850 #33604]  INFO -- : Processed file: example_file
I, [2024-11-19T00:10:23.207766 #33604]  INFO -- : Processed file: Initialized SimpleWebsiteParser with config config/yaml/web_parser.yaml
I, [2024-11-19T00:10:23.242035 #33604]  INFO -- : Processed file: Starting parsing process
E, [2024-11-19T00:10:23.242544 #33604] ERROR -- : Error: URL check failed for : absolute URL needed (not nil)
E, [2024-11-19T00:10:23.243430 #33604] ERROR -- : Error: Start URL is not accessible: 
I, [2024-11-19T00:10:23.274436 #33604]  INFO -- : Processed file: example_file
I, [2024-11-19T00:10:23.277426 #33604]  INFO -- : Processed file: Initialized SimpleWebsiteParser with config config/yaml/web_parser.yaml
I, [2024-11-19T00:10:23.301433 #33604]  INFO -- : Processed file: Starting parsing process
E, [2024-11-19T00:10:23.302017 #33604] ERROR -- : Error: URL check failed for : absolute URL needed (not nil)
E, [2024-11-19T00:10:23.303011 #33604] ERROR -- : Error: Start URL is not accessible: 
I, [2024-11-19T09:41:58.090411 #7104]  INFO -- : Processed file: example_file
I, [2024-11-19T09:41:58.114818 #7104]  INFO -- : Processed file: Initialized SimpleWebsiteParser with config config/yaml/web_parser.yaml
I, [2024-11-19T09:41:58.166693 #7104]  INFO -- : Processed file: Starting parsing process
E, [2024-11-19T09:41:58.167326 #7104] ERROR -- : Error: URL check failed for : absolute URL needed (not nil)
E, [2024-11-19T09:41:58.168889 #7104] ERROR -- : Error: Start URL is not accessible: 
I, [2024-11-19T09:41:58.198006 #7104]  INFO -- : Processed file: example_file
I, [2024-11-19T09:41:58.201083 #7104]  INFO -- : Processed file: Initialized SimpleWebsiteParser with config config/yaml/web_parser.yaml
I, [2024-11-19T09:41:58.224191 #7104]  INFO -- : Processed file: Starting parsing process
E, [2024-11-19T09:41:58.224560 #7104] ERROR -- : Error: URL check failed for : absolute URL needed (not nil)
E, [2024-11-19T09:41:58.225506 #7104] ERROR -- : Error: Start URL is not accessible: 
I, [2024-11-19T09:42:47.253441 #21140]  INFO -- : Processed file: example_file
I, [2024-11-19T09:42:47.276714 #21140]  INFO -- : Processed file: Initialized SimpleWebsiteParser with config config/yaml/web_parser.yaml
I, [2024-11-19T09:42:47.311034 #21140]  INFO -- : Processed file: Starting parsing process
E, [2024-11-19T09:42:47.311583 #21140] ERROR -- : Error: URL check failed for : absolute URL needed (not nil)
E, [2024-11-19T09:42:47.312547 #21140] ERROR -- : Error: Start URL is not accessible: 
I, [2024-11-19T09:42:47.343606 #21140]  INFO -- : Processed file: example_file
I, [2024-11-19T09:42:47.345986 #21140]  INFO -- : Processed file: Initialized SimpleWebsiteParser with config config/yaml/web_parser.yaml
I, [2024-11-19T09:42:47.378359 #21140]  INFO -- : Processed file: Starting parsing process
E, [2024-11-19T09:42:47.378956 #21140] ERROR -- : Error: URL check failed for : absolute URL needed (not nil)
E, [2024-11-19T09:42:47.379185 #21140] ERROR -- : Error: Start URL is not accessible: 
I, [2024-11-19T12:15:16.405882 #12496]  INFO -- : Processed file: example_file
I, [2024-11-19T12:15:16.432421 #12496]  INFO -- : Processed file: Initialized SimpleWebsiteParser with config config/yaml/web_parser.yaml
I, [2024-11-19T12:15:16.480063 #12496]  INFO -- : Processed file: Starting parsing process
E, [2024-11-19T12:15:16.480800 #12496] ERROR -- : Error: URL check failed for : absolute URL needed (not nil)
E, [2024-11-19T12:15:16.482628 #12496] ERROR -- : Error: Start URL is not accessible: 
I, [2024-11-19T12:15:16.514805 #12496]  INFO -- : Processed file: example_file
I, [2024-11-19T12:15:16.520220 #12496]  INFO -- : Processed file: Initialized SimpleWebsiteParser with config config/yaml/web_parser.yaml
I, [2024-11-19T12:15:16.554719 #12496]  INFO -- : Processed file: Starting parsing process
E, [2024-11-19T12:15:16.555465 #12496] ERROR -- : Error: URL check failed for : absolute URL needed (not nil)
E, [2024-11-19T12:15:16.556243 #12496] ERROR -- : Error: Start URL is not accessible: 
I, [2024-11-19T12:25:02.435761 #21188]  INFO -- : Processed file: example_file
I, [2024-11-19T12:25:02.495487 #21188]  INFO -- : Processed file: Initialized SimpleWebsiteParser with config config/yaml/web_parser.yaml
I, [2024-11-19T12:25:02.553121 #21188]  INFO -- : Processed file: Starting parsing process
E, [2024-11-19T12:25:02.553813 #21188] ERROR -- : Error: URL check failed for : absolute URL needed (not nil)
E, [2024-11-19T12:25:02.555944 #21188] ERROR -- : Error: Start URL is not accessible: 
I, [2024-11-19T12:25:02.588291 #21188]  INFO -- : Processed file: example_file
I, [2024-11-19T12:25:02.595071 #21188]  INFO -- : Processed file: Initialized SimpleWebsiteParser with config config/yaml/web_parser.yaml
I, [2024-11-19T12:25:02.629743 #21188]  INFO -- : Processed file: Starting parsing process
E, [2024-11-19T12:25:02.630375 #21188] ERROR -- : Error: URL check failed for : absolute URL needed (not nil)
E, [2024-11-19T12:25:02.632292 #21188] ERROR -- : Error: Start URL is not accessible: 
I, [2024-11-19T12:28:40.527857 #9324]  INFO -- : Processed file: example_file
I, [2024-11-19T12:28:40.574818 #9324]  INFO -- : Processed file: Initialized SimpleWebsiteParser with config config/yaml/web_parser.yaml
I, [2024-11-19T12:28:40.627561 #9324]  INFO -- : Processed file: Starting parsing process
E, [2024-11-19T12:28:40.628417 #9324] ERROR -- : Error: URL check failed for : absolute URL needed (not nil)
E, [2024-11-19T12:28:40.630607 #9324] ERROR -- : Error: Start URL is not accessible: 
I, [2024-11-19T12:28:40.665964 #9324]  INFO -- : Processed file: example_file
I, [2024-11-19T12:28:40.670844 #9324]  INFO -- : Processed file: Initialized SimpleWebsiteParser with config config/yaml/web_parser.yaml
I, [2024-11-19T12:28:40.706550 #9324]  INFO -- : Processed file: Starting parsing process
E, [2024-11-19T12:28:40.707410 #9324] ERROR -- : Error: URL check failed for : absolute URL needed (not nil)
E, [2024-11-19T12:28:40.707812 #9324] ERROR -- : Error: Start URL is not accessible: 
I, [2024-11-19T12:32:58.462690 #27400]  INFO -- : Processed file: example_file
I, [2024-11-19T12:32:58.558275 #27400]  INFO -- : Processed file: Initialized SimpleWebsiteParser with config config/yaml/web_parser.yaml
I, [2024-11-19T12:32:58.598357 #27400]  INFO -- : Processed file: Starting parsing process
E, [2024-11-19T12:32:58.598914 #27400] ERROR -- : Error: URL check failed for : absolute URL needed (not nil)
E, [2024-11-19T12:32:58.600210 #27400] ERROR -- : Error: Start URL is not accessible: 
I, [2024-11-19T12:32:58.634755 #27400]  INFO -- : Processed file: example_file
I, [2024-11-19T12:32:58.639373 #27400]  INFO -- : Processed file: Initialized SimpleWebsiteParser with config config/yaml/web_parser.yaml
I, [2024-11-19T12:32:58.675159 #27400]  INFO -- : Processed file: Starting parsing process
E, [2024-11-19T12:32:58.675781 #27400] ERROR -- : Error: URL check failed for : absolute URL needed (not nil)
E, [2024-11-19T12:32:58.677724 #27400] ERROR -- : Error: Start URL is not accessible: 
I, [2024-11-19T12:34:03.369648 #15632]  INFO -- : Processed file: example_file
I, [2024-11-19T12:34:03.400569 #15632]  INFO -- : Processed file: Initialized SimpleWebsiteParser with config config/yaml/web_parser.yaml
I, [2024-11-19T12:34:03.436894 #15632]  INFO -- : Processed file: Starting parsing process
E, [2024-11-19T12:34:03.437341 #15632] ERROR -- : Error: URL check failed for : absolute URL needed (not nil)
E, [2024-11-19T12:34:03.438488 #15632] ERROR -- : Error: Start URL is not accessible: 
I, [2024-11-19T12:34:03.477686 #15632]  INFO -- : Processed file: example_file
I, [2024-11-19T12:34:03.481247 #15632]  INFO -- : Processed file: Initialized SimpleWebsiteParser with config config/yaml/web_parser.yaml
I, [2024-11-19T12:34:03.514094 #15632]  INFO -- : Processed file: Starting parsing process
E, [2024-11-19T12:34:03.514557 #15632] ERROR -- : Error: URL check failed for : absolute URL needed (not nil)
E, [2024-11-19T12:34:03.515620 #15632] ERROR -- : Error: Start URL is not accessible: 
